<?xml version="1.0" encoding="UTF-8"?>
<!-- Generated by org.testng.reporters.JUnitReportReporter -->
<testsuite hostname="Srimathy" failures="0" tests="1" name="StepDefinition.LoginStepDefTestNG" time="0.470" errors="0" timestamp="2024-08-26T14:58:13 IST" skipped="0">
  <testcase classname="StepDefinition.LoginStepDefTestNG" name="user_is_on_login_page" time="0.470"/>
</testsuite> <!-- StepDefinition.LoginStepDefTestNG -->
