<?xml version="1.0" encoding="UTF-8"?>
<!-- Generated by org.testng.reporters.JUnitReportReporter -->
<testsuite hostname="Srimathy" failures="0" tests="1" name="TestRunner.CucumberTestRunner" time="4.861" errors="0" timestamp="2024-08-26T15:00:10 IST" skipped="0">
  <testcase classname="TestRunner.CucumberTestRunner" name="runScenario" time="4.861"/>
</testsuite> <!-- TestRunner.CucumberTestRunner -->
